-------------------------------------------------------------------------------
Test set: TestMath
-------------------------------------------------------------------------------
Tests run: 1, Failures: 1, Errors: 0, Skipped: 0, Time elapsed: 0.027 s <<< FAILURE! - in TestMath
test  Time elapsed: 0.023 s  <<< FAILURE!
org.opentest4j.AssertionFailedError: expected: <11> but was: <10>
	at TestMath.test(TestMath.java:11)

